<?xml version="1.0" encoding="UTF-8"?>
<testng-results skipped="0" failed="0" total="1" passed="1">
  <reporter-output>
  </reporter-output>
  <suite name="Suite" duration-ms="19699" started-at="2020-12-21T09:40:07Z" finished-at="2020-12-21T09:40:27Z">
    <groups>
    </groups>
    <test name="Test" duration-ms="19699" started-at="2020-12-21T09:40:07Z" finished-at="2020-12-21T09:40:27Z">
      <class name="com.test.ScrollTest">
        <test-method status="PASS" signature="test_scroll()[pri:0, instance:com.test.ScrollTest@47c62251]" name="test_scroll" duration-ms="19685" started-at="2020-12-21T15:10:07Z" finished-at="2020-12-21T15:10:27Z">
          <reporter-output>
          </reporter-output>
        </test-method> <!-- test_scroll -->
      </class> <!-- com.test.ScrollTest -->
    </test> <!-- Test -->
  </suite> <!-- Suite -->
</testng-results>
